

[31m⠀⠀⠀⠀⠀⠀⢀⠀⠀⣄⠀⠀⠀⠀⠀⠀⠀⠀⠀⠀⠀⠀⠀⠀⠀⠀⠀⠀⠀⠀⠀⠀⠀⠀⠀⠀⠀⠀⠀⠀⠀⠀⠀⠀⠀⠀⠀⠀⠀⠀⠀⠀⠀⠀⠀⠀⠀⠀⠀⠀⠀
⠀⠀⠀⠀⠀⠀⠘⣦⡀⠘⣆⠈⠛⠻⣗⠶⣶⣤⣄⡀⠀⠀⠀⠀⠀⠀⠀⠀⠀⠀⠀⠀⠀⠀⠀⠀⠀⠀⠀⠀⠀⠀⠀⠀⠀⠀⠀⠀⠀⠀⠀⠀⠀⠀⠀⠀⠀⠀⠀⠀⠀
⠀⠀⠀⠀⠀⠀⠀⠈⣿⠀⠈⠳⠄⠀⠈⠙⠶⣍⡻⢿⣷⣦⣀⠀⠀⠀⠀⠀⠀⠀⠀⠀⠀⠀⠀⠀⠀⠀⠀⠀⠀⠀⠀⠀⠀⠀⠀⠀⠀⠀⠀⠀⠀⠀⠀⠀⠀⠀⠀⠀⠀
⠀⠀⠀⠀⠀⠀⠀⣰⣿⣧⠀⠀⠀⠀⠀⠀⠀⠈⠻⣮⡹⣿⣿⣷⣦⣄⣀⠀⠀⢀⣸⠃⠀⣆⠀⠀⠀⠀⠀⠀⠀⠀⠀⠀⠀⠀⠀⠀⠀⠀⠀⠀⠀⠀⠀⠀⠀⠀⠀⠀⠀
⠀⠀⠀⠀⠀⠀⢠⣿⡿⠋⠀⠀⠀⠀⠀⠀⠀⠀⠀⠈⠻⣮⢿⣿⣿⣿⣿⣿⣿⣿⠟⠀⢰⣿⣦⠀⠀⠀⠀⠀⠀⠀⠀⠀⠀⠀⠀⠀⠀⠀⠀⠀⠀⠀⠀⠀⠀⠀⠀⠀⠀
⠀⠀⠀⠀⠀⢀⣾⣿⠀⠀⠀⠀⠀⠀⠀⣷⠀⢷⠀⠀⠀⠙⢷⣿⣿⣿⣿⣟⣋⣀⣤⣴⣿⣿⣿⣧⠀⠀⠀⠀⠀⠀⠀⠀⠀⠀⠀⠀⠀⠀⠀⠀⠀⠀⠀⠀⠀⠀⠀⠀⠀
⠀⠀⠀⠀⢀⣼⢿⣿⡀⠀⠀⢀⣀⣴⣾⡟⠀⠈⣇⠀⠀⠀⠈⢻⡙⣿⣿⣿⣿⣿⣿⣿⣿⣿⣿⣿⡄⠀⠀⠀⠀⠀⠀⠀⠀⠀⠀⠀⠀⠀⠀⠀⠀⠀⠀⠀⠀⠀⠀⠀⠀
⠀⠀⠀⠀⣼⡏⠸⣿⣿⣶⣾⣿⡿⠟⠋⠀⠀⠀⢹⡆⠀⠀⠀⠀⠹⡽⣿⣿⣿⣿⣿⣿⣿⣿⡿⠛⠀⠀⠀⠀⠀⠀⠀⠀⠀⠀⠀⠀⠀⠀⠀⠀⠀⠀⠀⠀⠀⠀⠀⠀⠀
⠀⠀⠀⣰⣿⠀⠀⠀⣀⡿⠛⠉⠀⠀⢿⠀⠀⠀⠘⣿⡄⠀⠀⠀⠀⠑⢹⣿⣿⣿⣿⣿⣿⣿⣿⠇⠀⠀⠀⠀⠀⠀⠀⠀⠀⠀⠀⠀⠀⠀⠀⠀⠀⠀⠀⠀⠀⠀⠀⠀⠀
⠀⠀⠀⣿⣿⣷⣶⣾⠏⠀⠀⠀⠀⠀⠘⣇⠀⠀⠀⢻⡇⠀⠀⠀⠀⠀⠀⠹⣿⣿⣿⣿⣿⡿⠃⠀⣠⡇⠀⠀⠀⠀⠀⠀⠀⠀⠀⠀⠀⠀⠀⠀⠀⠀⠀⠀⠀⠀⠀⠀⠀
⠀⠀⠀⠈⠙⠿⠿⠋⠀⠀⠀⠀⠀⠀⠀⣿⠀⠀⠀⢸⣷⠀⠀⠀⠀⠀⢀⠀⠹⣿⣿⣿⣿⣷⣶⣿⠟⠀⠀⠀⠀⠀⠀⠀⠀⠀⠀⠀⠀⠀⠀⠀⠀⠀⠀⠀⠀⠀⠀⠀⠀
⠀⠀⠀⠀⠀⠀⠀⠀⠀⠀⠀⠀⠀⠀⢀⣿⠀⠀⠀⢸⣿⠀⠀⠀⠀⢀⡞⠀⠀⠈⠛⠻⠿⠿⠯⠥⠤⢄⣀⣀⢀⣀⡀⠀⠀⠀⠀⠀⠀⠀⠀⠀⠀⠀⠀⠀⠀⠀⠀⠀⠀
⠀⠀⠀⠀⠀⠀⠀⠀⠀⠀⠀⠀⠀⠀⣸⣿⠀⠀⠀⢸⡇⠀⠀⠀⢀⡼⠃⠀⠀⠀⠀⠀⣄⠀⠀⠀⠀⠀⠀⠈⠙⠂⠙⠳⢤⣄⠀⠀⠀⠀⠀⠀⠀⠀⠀⠀⠀⠀⠀⠀⠀
⠀⠀⠀⠀⠀⠀⠀⠀⠀⠀⠀⠀⠀⢀⣿⠇⠀⠀⠀⡾⠁⠀⠀⣠⡿⠃⠀⠀⠀⠀⠀⠀⠸⣇⠀⠀⠀⠀⠀⠀⠀⠀⠀⠀⠀⠙⢿⣦⡀⠀⠀⠀⠀⠀⠀⠀⠀⠀⠀⠀⠀
⠀⠀⠀⠀⠀⠀⠀⠀⠀⠀⠀⠀⠀⣼⣿⠀⠀⠀⡸⠃⠀⢀⣴⠟⠁⠀⠀⠀⠀⠀⠀⠀⠀⣿⡆⠀⠀⠀⠀⠀⠀⠀⠀⠀⠀⠀⠀⠙⣷⣶⣶⣦⣤⣀⡀⠀⠀⠀⠀⠀⠀
⠀⠀⠀⠀⠀⠀⠀⠀⠀⠀⠀⠀⢰⣿⠇⠀⠀⠀⠃⢀⣴⠟⠁⠀⠀⠀⠀⠀⠀⠀⠀⠀⢠⣿⠃⠀⠀⠀⠀⠀⠀⠀⠀⠀⠀⠀⠀⠀⠘⣿⣿⣿⣿⣿⣿⣿⣶⣤⡀⠀⠀
⠀⠀⠀⠀⠀⠀⠀⠀⠀⠀⠀⢠⣿⠏⠀⠀⠀⠀⣰⡟⠁⠀⠀⠀⠀⠀⠀⠀⠀⠀⠀⠀⣼⡏⠀⠀⠀⠀⠀⠀⠀⠀⠀⠀⠀⠀⠀⠀⠀⢸⣧⠙⠻⣿⣿⣿⣿⣿⣿⣦⡀
⠀⠀⠀⠀⠀⠀⠀⠀⠀⠀⠀⣼⡏⠀⠀⢀⡖⢰⠏⠀⠀⠀⠀⠀⠀⠀⠀⠀⠀⠀⠀⣰⡟⠁⠀⠀⠀⠀⠀⠀⠀⠀⠀⠀⢠⠟⠀⠀⠀⢸⣿⠀⠀⠈⢿⣿⣿⣿⣿⣿⡿
⠀⠀⠀⠀⠀⠀⠀⠀⠀⠀⠀⢿⡇⠀⠀⣼⠁⠼⠀⠀⠀⠀⠀⠀⠀⠀⠀⠀⠀⠀⣴⠟⠀⠀⠀⠀⠀⠀⠀⠀⠀⠀⢀⡴⠋⠀⠀⠀⠀⣼⡇⠀⠀⣠⣾⣿⣿⣿⣿⠟⠀
⠀⠀⠀⠀⠀⠀⠀⠀⠀⠀⡄⠘⣇⠀⠀⢻⡄⢠⡄⠀⠀⠀⠀⠀⠀⠀⠀⢀⣤⡴⠃⠀⠀⠀⠀⠀⠀⠀⠀⠀⢀⣴⠟⠁⠀⠀⠀⢀⣼⠏⠀⣠⣾⣿⣿⡿⣿⡿⠁⠀⠀
⠀⠀⠀⠀⠀⠀⠀⠀⢀⣾⠁⠀⠘⠂⠀⠀⢳⠀⢳⡀⠀⠀⠀⠀⠀⠀⢀⡼⠁⠀⠀⠀⠀⠀⠀⠀⠀⣀⣤⣾⣿⠃⠀⠀⠀⠀⣠⣾⠃⣠⣾⣿⣿⠿⠋⢰⡟⠀⠀⠀⠀
⠀⠀⠀⠀⠀⠀⠀⢠⣿⠃⠀⠀⠀⢀⣀⡴⠞⠙⠲⣷⡄⠀⠀⠀⠀⢠⡾⠁⠀⠀⠀⢀⣀⣠⣤⣶⠿⠟⠋⠀⡾⠀⠀⠀⢀⣴⠟⠁⢠⡟⢱⡿⠃⠀⠀⠸⣇⡀⠀⠀⠀
⠀⠀⠀⠀⠀⢀⡴⠟⠁⠀⣀⡤⠖⠋⠁⠀⠀⠀⠀⣸⠇⠀⠀⠀⣤⠟⠑⠋⠉⣿⠋⠉⠉⠉⠁⣠⠞⠀⠀⠀⡇⠀⠀⢠⡿⠋⠀⠀⠈⠁⡿⠀⠀⠀⠀⠀⠀⠁⠀⠀⠀
⠀⠀⠀⢀⣾⣏⣤⣶⡾⠛⠉⠀⠀⠀⠀⠀⠀⢀⡼⠃⠀⠀⣠⠞⠁⠀⠀⠀⠀⣿⠀⠀⠀⢀⡼⠃⠀⠀⠀⢸⠇⠀⣰⠟⠀⠀⠀⠀⠀⠐⠃⠀⠀⠀⠀⠀⠀⠀⠀⠀⠀
⠀⠀⢀⣿⣿⡿⠛⠁⠀⠀⠀⠀⠀⠀⠀⢀⣴⠏⠀⠀⣠⠞⠁⠀⠀⠀⠀⠀⠀⣿⠀⠀⢀⡾⠃⠀⠀⠀⢀⡞⠀⣼⠃⠀⠀⠀⠀⠀⠀⠀⠀⠀⠀⠀⠀⠀⠀⠀⠀⠀⠀
⠀⠀⣼⣿⡟⠁⠀⠀⠀⠀⠀⠀⠀⠀⢠⣾⣿⣶⣶⠟⠁⠀⠀⠀⠀⠀⠀⠀⠀⣿⠀⠀⣾⠇⠀⠀⠀⢀⣾⣣⣾⠇⠀⠀⠀⠀⠀⠀⠀⠀⠀⠀⠀⠀⠀⠀⠀⠀⠀⠀⠀
⠀⢠⣿⣿⠁⠀⠀⠀⠀⠀⠀⠀⠀⠀⢻⣿⣿⣿⠁⠀⠀⠀⠀⠀⠀⠀⠀⠀⢀⣿⠀⢠⡟⠀⠀⠀⢀⣾⣿⣿⡏⠀⠀⠀⠀⠀⠀⠀⠀⠀⠀⠀⠀⠀⠀⠀⠀⠀⠀⠀⠀
⢀⣿⣿⡇⠀⠀⠀⠀⠀⠀⠀⠀⠀⠀⠀⢻⣿⣿⡄⢀⣀⡀⠀⠀⠀⠀⠀⠀⢸⡇⠀⣾⠇⠀⠀⣰⣿⣿⣿⠏⠀⠀⠀⠀⠀⠀⠀⠀⠀⠀⠀⠀⠀⠀⠀⠀⠀⠀⠀⠀⠀
⢸⣿⣿⡇⠀⠀⠀⠀⠀⠀⠀⠀⠀⠀⠀⠀⢿⣿⣿⣿⣿⣿⣦⡀⠀⠀⠀⠀⣾⠀⣰⠟⠀⢀⣼⣿⣿⠛⠁⠀⠀⠀⠀⠀⠀⠀⠀⠀⠀⠀⠀⠀⠀⠀⠀⠀⠀⠀⠀⠀⠀
⢸⣿⣿⡀⠀⠀⠀⠀⠀⠀⠀⠀⠀⠀⠀⠀⠘⠿⠿⠿⠿⠿⠿⠃⠀⠀⠀⢸⣿⣶⠏⢀⣴⣿⣿⠏⠀⠀⠀⠀⠀⠀⠀⠀⠀⠀⠀⠀⠀⠀⠀⠀⠀⠀⠀⠀⠀⠀⠀⠀⠀
⢸⣿⣿⣿⡆⠀⠀⠀⠀⠀⠀⠀⠀⠀⠀⠀⠀⠀⠀⠀⠀⠀⠀⠀⠀⠀⢠⣾⣿⠃⢠⣿⣿⡿⠃⠀⠀⠀⠀⠀⠀⠀⠀⠀⠀⠀⠀⠀⠀⠀⠀⠀⠀⠀⠀⠀⠀⠀⠀⠀⠀
⢿⣿⣿⣿⠇⠀⠀⠀⠀⠀⠀⠀⠀⠀⠀⠀⠀⠀⠀⠀⠀⠀⠀⠀⠀⢠⣿⣿⢃⣴⣿⡿⠋⠀⠀⠀⠀⠀⠀⠀⠀⠀⠀⠀⠀⠀⠀⠀⠀⠀⠀⠀⠀⠀⠀⠀⠀⠀⠀⠀⠀
⠈⠛⠛⠋⠀⠀⠀⠀⠀⠀⠀⠀⠀⠀⠀⠀⠀⠀⠀⠀⠀⠀⠀⠀⢠⣿⣿⣧⣾⣿⣿⡇⠀⠀⠀⠀⠀⠀⠀⠀⠀⠀⠀⠀⠀⠀⠀⠀⠀⠀⠀⠀⠀⠀⠀⠀⠀⠀⠀⠀⠀
⠀⠀⠀⠀⠀⠀⠀⠀⠀⠀⠀⠀⠀⠀⠀⠀⠀⠀⠀⠀⠀⠀⢀⣴⣿⣿⡟⢸⣿⣿⣿⠀⠀⠀⠀⠀⠀⠀⠀⠀⠀⠀⠀⠀⠀⠀⠀⠀⠀⠀⠀⠀⠀⠀⠀⠀⠀⠀⠀⠀⠀
⠀⠀⠀⠀⠀⠀⠀⠀⠀⠀⠀⠀⠀⠀⠀⠀⠀⠀⠀⠀⢀⣴⣿⣿⣿⠁⠀⠀⠈⠉⠀⠀⠀⠀⠀⠀⠀⠀⠀⠀⠀⠀⠀⠀⠀⠀⠀⠀⠀⠀⠀⠀⠀⠀⠀⠀⠀⠀⠀⠀⠀
⠀⠀⠀⠀⠀⠀⠀⠀⠀⠀⠀⠀⠀⠀⠀⠀⠀⠀⠀⠀⠘⠿⠿⠿⠛⠀⠀⠀⠀⠀⠀⠀⠀⠀⠀⠀⠀⠀⠀⠀⠀⠀⠀⠀⠀⠀⠀⠀⠀⠀⠀⠀⠀⠀⠀⠀⠀⠀⠀⠀⠀[0m

Welcome to Pyrois, the build system for Dark Horse Linux.

